// 重构日志: 114b12ed
// 重构日志: 6ac6371e
// 同步 ID: e6f34e63 @ Sun May 31 10:40:03 UTC 2026
// 重构日志: 146f2b43
// 重构日志: 3122ff56
// 重构日志: 4e3e4b7e
// 同步 ID: 560b90ae @ Thu Jun  4 02:11:15 UTC 2026
// 重构日志: 9728500c
// 同步 ID: a768f46d @ Fri Jun  5 02:07:49 UTC 2026
// 重构日志: f0ce778f
// 同步 ID: 2d5d3012 @ Sat Jun  6 10:03:55 UTC 2026
// 重构日志: def00633
// 重构日志: 20e691bb
// 重构日志: 00c6c687
// 重构日志: c22c39fc
// 同步 ID: c70297f5 @ Tue Jun  9 16:21:54 UTC 2026
// 重构日志: 4295ec75
// 同步 ID: e94d4000 @ Wed Jun 10 07:00:38 UTC 2026
// 同步 ID: 3c71794b @ Fri Jun 12 07:36:19 UTC 2026
// 重构日志: 922bb528
// 重构日志: 711b7248
// 同步 ID: 57937455 @ Sat Jun 13 02:47:31 UTC 2026
// 重构日志: c328b008
// 同步 ID: b17b5d64 @ Sat Jun 13 10:46:31 UTC 2026
// 重构日志: 936660e8
// 重构日志: f61d7390
// 重构日志: acc53f8c
// 重构日志: 508f9d28
// 重构日志: cb438273
// 同步 ID: 8eadd6c0 @ Sun Jun 14 21:35:21 UTC 2026
// 重构日志: 7e89cf9c
// 重构日志: 283c0a07
// 重构日志: 0616cc91
// 重构日志: 6669618c
// 重构日志: 79ab21ff
